<?xml version="1.0" encoding="UTF-8"?>
<testng-results skipped="0" failed="0" total="1" passed="1">
  <reporter-output>
  </reporter-output>
  <suite name="Default suite" duration-ms="2167" started-at="2019-03-13T06:38:23Z" finished-at="2019-03-13T06:38:25Z">
    <groups>
    </groups>
    <test name="Default test" duration-ms="2167" started-at="2019-03-13T06:38:23Z" finished-at="2019-03-13T06:38:25Z">
      <class name="com.test.api.TestPost">
        <test-method status="PASS" signature="setup()[pri:0, instance:com.test.api.TestPost@2973cb2c]" name="setup" is-config="true" duration-ms="722" started-at="2019-03-13T14:38:23Z" finished-at="2019-03-13T14:38:23Z">
          <reporter-output>
          </reporter-output>
        </test-method> <!-- setup -->
        <test-method status="PASS" signature="testPostRequest()[pri:0, instance:com.test.api.TestPost@2973cb2c]" name="testPostRequest" duration-ms="1428" started-at="2019-03-13T14:38:23Z" finished-at="2019-03-13T14:38:25Z">
          <reporter-output>
          </reporter-output>
        </test-method> <!-- testPostRequest -->
      </class> <!-- com.test.api.TestPost -->
    </test> <!-- Default test -->
  </suite> <!-- Default suite -->
</testng-results>
